Watching for file changes with StatReloader
Watching for file changes with StatReloader
"OPTIONS /api/auth/register/ HTTP/1.1" 200 0
Bad Request: /api/auth/register/
"POST /api/auth/register/ HTTP/1.1" 400 52
Bad Request: /api/auth/register/
"POST /api/auth/register/ HTTP/1.1" 400 52
Bad Request: /api/auth/register/
"POST /api/auth/register/ HTTP/1.1" 400 52
Bad Request: /api/auth/register/
"POST /api/auth/register/ HTTP/1.1" 400 52
Failed to send OTP email to einsteinmofkua100@gmail.com: (535, b'5.7.8 Username and Password not accepted. For more information, go to\n5.7.8  https://support.google.com/mail/?p=BadCredentials ffacd0b85a97d-3b79c4533f1sm18330521f8f.42 - gsmtp')
Internal Server Error: /api/auth/register/
"POST /api/auth/register/ HTTP/1.1" 500 64
Watching for file changes with StatReloader
"POST /api/auth/register/ HTTP/1.1" 201 149
"OPTIONS /api/auth/verify-otp/ HTTP/1.1" 200 0
"POST /api/auth/verify-otp/ HTTP/1.1" 200 936
"OPTIONS /api/auth/profile/ HTTP/1.1" 200 0
"GET /api/auth/profile/ HTTP/1.1" 200 393
"OPTIONS /api/auth/logout/ HTTP/1.1" 200 0
Bad Request: /api/auth/logout/
"POST /api/auth/logout/ HTTP/1.1" 400 26
/home/x/X/robolearn_backend/apps/authentication/views.py changed, reloading.
Watching for file changes with StatReloader
/home/x/X/robolearn_backend/apps/authentication/serializers.py changed, reloading.
Watching for file changes with StatReloader
/home/x/X/robolearn_backend/apps/authentication/urls.py changed, reloading.
Watching for file changes with StatReloader
/home/x/X/robolearn_backend/apps/authentication/utils.py changed, reloading.
Watching for file changes with StatReloader
Session data corrupted
"GET /admin/authentication/otpverification/ HTTP/1.1" 302 0
Session data corrupted
"GET /admin/login/?next=/admin/authentication/otpverification/ HTTP/1.1" 200 4240
"GET /static/admin/css/base.css HTTP/1.1" 304 0
"GET /static/admin/css/dark_mode.css HTTP/1.1" 304 0
"GET /static/admin/css/nav_sidebar.css HTTP/1.1" 304 0
"GET /static/admin/js/nav_sidebar.js HTTP/1.1" 304 0
"GET /static/admin/css/login.css HTTP/1.1" 304 0
"GET /static/admin/css/responsive.css HTTP/1.1" 304 0
"GET /static/admin/js/theme.js HTTP/1.1" 304 0
Session data corrupted
"POST /admin/login/?next=/admin/authentication/otpverification/ HTTP/1.1" 302 0
"GET /admin/authentication/otpverification/ HTTP/1.1" 200 13081
"GET /static/admin/css/changelists.css HTTP/1.1" 304 0
"GET /static/admin/js/core.js HTTP/1.1" 304 0
"GET /static/admin/js/jquery.init.js HTTP/1.1" 304 0
"GET /static/admin/js/vendor/jquery/jquery.js HTTP/1.1" 304 0
"GET /static/admin/js/actions.js HTTP/1.1" 304 0
"GET /static/admin/js/admin/RelatedObjectLookups.js HTTP/1.1" 304 0
"GET /static/admin/js/prepopulate.js HTTP/1.1" 304 0
"GET /static/admin/js/vendor/xregexp/xregexp.js HTTP/1.1" 304 0
"GET /static/admin/js/urlify.js HTTP/1.1" 304 0
"GET /static/admin/img/search.svg HTTP/1.1" 304 0
"GET /admin/jsi18n/ HTTP/1.1" 200 3343
"GET /static/admin/img/icon-addlink.svg HTTP/1.1" 304 0
"GET /static/admin/js/filters.js HTTP/1.1" 304 0
"GET /static/admin/img/tooltag-add.svg HTTP/1.1" 304 0
"GET /static/admin/img/icon-yes.svg HTTP/1.1" 200 436
"GET /static/admin/img/sorting-icons.svg HTTP/1.1" 200 1097
"OPTIONS /api/auth/login/ HTTP/1.1" 200 0
Bad Request: /api/auth/login/
"POST /api/auth/login/ HTTP/1.1" 400 51
Bad Request: /api/auth/login/
"POST /api/auth/login/ HTTP/1.1" 400 51
Bad Request: /api/auth/login/
"POST /api/auth/login/ HTTP/1.1" 400 51
"OPTIONS /api/auth/forgot-password/ HTTP/1.1" 200 0
"POST /api/auth/forgot-password/ HTTP/1.1" 200 88
